{
  "stats": {
    "suites": 1,
    "tests": 1,
    "passes": 0,
    "pending": 0,
    "failures": 1,
    "start": "2024-02-15T06:35:13.661Z",
    "end": "2024-02-15T06:35:30.085Z",
    "duration": 16424,
    "testsRegistered": 1,
    "passPercent": 0,
    "pendingPercent": 0,
    "other": 0,
    "hasOther": false,
    "skipped": 0,
    "hasSkipped": false
  },
  "results": [
    {
      "uuid": "1037fde0-dc58-44e7-b80e-129d2a99f727",
      "title": "",
      "fullFile": "cypress\\e2e\\Test.spec.cy.js",
      "file": "cypress\\e2e\\Test.spec.cy.js",
      "beforeHooks": [],
      "afterHooks": [],
      "tests": [],
      "suites": [
        {
          "uuid": "a3af578e-aed7-47c7-9092-ee5c237fe2a7",
          "title": "Test with backend",
          "fullFile": "",
          "file": "",
          "beforeHooks": [],
          "afterHooks": [],
          "tests": [
            {
              "title": "Intercepting & Modifying the request&response(Verify correct request & response)",
              "fullTitle": "Test with backend Intercepting & Modifying the request&response(Verify correct request & response)",
              "timedOut": null,
              "duration": 4274,
              "state": "failed",
              "speed": null,
              "pass": false,
              "fail": true,
              "pending": false,
              "context": null,
              "code": "// cy.intercept('POST','**/articles',(interceptedReq)=>{\n//   interceptedReq.body.article.description = \"This is intercepted description2\"\n// }).as('postArticles')\ncy.intercept('POST', '**/articles', actualReq => {\n  //reply is a method of Cypress sorta representing response\n  actualReq.reply(res => {\n    //actually validating the correct value in the below line\n    expect(res.body.article.description).to.equal(\"This is the description\");\n    //then later on replacing it with intercepted response\n    res.body.article.description = \"This is intercepted description2\";\n  });\n}).as('postArticles');\ncy.get('[routerlink=\"/editor\"]').click();\ncy.get('[placeholder=\"Article Title\"]').type(\"New Article Title\");\ncy.get('[formcontrolname=\"description\"]').type(\"This is the description\");\n//although we have a line above for \"This is the desciption\", since we are now intercepting the call before it\n//gets to this point, we are even asserting \"This is intercepted description2\"\ncy.get('[formcontrolname=\"body\"]').type(\"This is the body\");\ncy.contains('Publish Article ').click();\ncy.wait(1500);\ncy.wait('@postArticles').then(xhr => {\n  console.log(xhr);\n  //Assertion on the Reponse elements\n  expect(xhr.response.statusCode).to.be.equal(201);\n  expect(xhr.request.body.article.body).to.equal('This is the body');\n  expect(xhr.response.body.article.description).to.equal(\"This is intercepted description2\");\n});",
              "err": {
                "message": "TypeError: Cannot read properties of undefined (reading 'description')",
                "estack": "TypeError: Cannot read properties of undefined (reading 'description')\n    at eval (webpack://cypress_cu/./cypress/e2e/Test.spec.cy.js:50:32)",
                "diff": null
              },
              "uuid": "809ee6fd-049c-4110-aaac-ee3d420d1269",
              "parentUUID": "a3af578e-aed7-47c7-9092-ee5c237fe2a7",
              "isHook": false,
              "skipped": false
            }
          ],
          "suites": [],
          "passes": [],
          "failures": [
            "809ee6fd-049c-4110-aaac-ee3d420d1269"
          ],
          "pending": [],
          "skipped": [],
          "duration": 4274,
          "root": false,
          "rootEmpty": false,
          "_timeout": 2000
        }
      ],
      "passes": [],
      "failures": [],
      "pending": [],
      "skipped": [],
      "duration": 0,
      "root": true,
      "rootEmpty": true,
      "_timeout": 2000
    }
  ],
  "meta": {
    "mocha": {
      "version": "7.0.1"
    },
    "mochawesome": {
      "options": {
        "quiet": false,
        "reportFilename": "mochawesome",
        "saveHtml": false,
        "saveJson": true,
        "consoleReporter": "spec",
        "useInlineDiffs": false,
        "code": true
      },
      "version": "7.1.3"
    },
    "marge": {
      "options": {
        "id": "default",
        "reportDir": "cypress/results/mochawesome",
        "overwrite": "false",
        "html": "false",
        "json": "true"
      },
      "version": "6.2.0"
    }
  }
}