{
  "stats": {
    "suites": 1,
    "tests": 1,
    "passes": 1,
    "pending": 0,
    "failures": 0,
    "start": "2024-02-29T11:31:57.256Z",
    "end": "2024-02-29T11:32:09.288Z",
    "duration": 12032,
    "testsRegistered": 1,
    "passPercent": 100,
    "pendingPercent": 0,
    "other": 0,
    "hasOther": false,
    "skipped": 0,
    "hasSkipped": false
  },
  "results": [
    {
      "uuid": "0aae47bb-eea0-4abc-bf50-e098b22a9009",
      "title": "",
      "fullFile": "cypress\\e2e\\Test.spec.cy.js",
      "file": "cypress\\e2e\\Test.spec.cy.js",
      "beforeHooks": [],
      "afterHooks": [],
      "tests": [],
      "suites": [
        {
          "uuid": "473681ba-7289-4538-96db-46095f203914",
          "title": "Test with backend",
          "fullFile": "",
          "file": "",
          "beforeHooks": [],
          "afterHooks": [],
          "tests": [
            {
              "title": "Intercepting & Modifying the request&response(Verify correct request & response)",
              "fullTitle": "Test with backend Intercepting & Modifying the request&response(Verify correct request & response)",
              "timedOut": null,
              "duration": 11825,
              "state": "passed",
              "speed": "slow",
              "pass": true,
              "fail": false,
              "pending": false,
              "context": null,
              "code": "// cy.intercept('POST','**/articles',(interceptedReq)=>{\n//   interceptedReq.body.article.description = \"This is intercepted description2\"\n// }).as('postArticles')\ncy.intercept('POST', '**/articles', actualReq => {\n  //reply is a method of Cypress sorta representing response\n  actualReq.reply(res => {\n    //actually validating the correct value in the below line\n    expect(res.body.article.description).to.equal(\"This is the description\");\n    //then later on replacing it with intercepted response\n    res.body.article.description = \"This is intercepted description2\";\n  });\n}).as('postArticles');\ncy.get('[routerlink=\"/editor\"]').click();\ncy.get('[placeholder=\"Article Title\"]').type(\"New Article Title\");\ncy.get('[formcontrolname=\"description\"]').type(\"This is the description\");\n//although we have a line above for \"This is the desciption\", since we are now intercepting the call before it\n//gets to this point, we are even asserting \"This is intercepted description2\"\ncy.get('[formcontrolname=\"body\"]').type(\"This is the body\");\ncy.contains('Publish Article ').click();\ncy.wait(1500);\ncy.wait('@postArticles').then(xhr => {\n  console.log(xhr);\n  //Assertion on the Reponse elements\n  expect(xhr.response.statusCode).to.be.equal(201);\n  expect(xhr.request.body.article.body).to.equal('This is the body');\n  expect(xhr.response.body.article.description).to.equal(\"This is intercepted description2\");\n});",
              "err": {},
              "uuid": "b9772346-9337-4f64-8b30-046645b1075f",
              "parentUUID": "473681ba-7289-4538-96db-46095f203914",
              "isHook": false,
              "skipped": false
            }
          ],
          "suites": [],
          "passes": [
            "b9772346-9337-4f64-8b30-046645b1075f"
          ],
          "failures": [],
          "pending": [],
          "skipped": [],
          "duration": 11825,
          "root": false,
          "rootEmpty": false,
          "_timeout": 2000
        }
      ],
      "passes": [],
      "failures": [],
      "pending": [],
      "skipped": [],
      "duration": 0,
      "root": true,
      "rootEmpty": true,
      "_timeout": 2000
    }
  ],
  "meta": {
    "mocha": {
      "version": "7.0.1"
    },
    "mochawesome": {
      "options": {
        "quiet": false,
        "reportFilename": "mochawesome",
        "saveHtml": false,
        "saveJson": true,
        "consoleReporter": "spec",
        "useInlineDiffs": false,
        "code": true
      },
      "version": "7.1.3"
    },
    "marge": {
      "options": {
        "id": "default",
        "reportDir": "cypress/results/mochawesome",
        "overwrite": "false",
        "html": "false",
        "json": "true"
      },
      "version": "6.2.0"
    }
  }
}