<?xml version="1.0" encoding="UTF-8"?>
<testsuites name="Mocha Tests" time="2.920" tests="1" failures="0">
  <testsuite name="Root Suite" timestamp="2024-02-15T06:55:05" tests="0" file="cypress\e2e\secondTest.spec.cy.js" time="0.000" failures="0">
  </testsuite>
  <testsuite name="Test Log Out" timestamp="2024-02-15T06:55:05" tests="1" time="2.908" failures="0">
    <testcase name="Test Log Out Verify user can logout successfully" time="2.850" classname="Verify user can logout successfully">
    </testcase>
  </testsuite>
</testsuites>