<?xml version="1.0" encoding="UTF-8"?>
<testsuites name="Mocha Tests" time="5.873" tests="1" failures="0">
  <testsuite name="Root Suite" timestamp="2024-01-08T12:23:45" tests="0" file="cypress\e2e\secondTest.spec.cy.js" time="0.000" failures="0">
  </testsuite>
  <testsuite name="Test Log Out" timestamp="2024-01-08T12:23:45" tests="1" time="5.863" failures="0">
    <testcase name="Test Log Out Verify user can logout successfully" time="5.814" classname="Verify user can logout successfully">
    </testcase>
  </testsuite>
</testsuites>