<?xml version="1.0" encoding="UTF-8"?>
<testsuites name="Mocha Tests" time="16.424" tests="1" failures="1">
  <testsuite name="Root Suite" timestamp="2024-02-15T06:35:13" tests="0" file="cypress\e2e\Test.spec.cy.js" time="0.000" failures="0">
  </testsuite>
  <testsuite name="Test with backend" timestamp="2024-02-15T06:35:13" tests="1" time="16.417" failures="1">
    <testcase name="Test with backend Intercepting &amp; Modifying the request&amp;response(Verify correct request &amp; response)" time="5.514" classname="Intercepting &amp; Modifying the request&amp;response(Verify correct request &amp; response)">
      <failure message="Cannot read properties of undefined (reading &apos;description&apos;)" type="TypeError"><![CDATA[TypeError: Cannot read properties of undefined (reading 'description')
    at eval (webpack://cypress_cu/./cypress/e2e/Test.spec.cy.js:50:32)]]></failure>
    </testcase>
  </testsuite>
</testsuites>